{
  "uid" : "a60414fa92fe6ccc",
  "name" : "test 2",
  "fullName" : "webdriver.io page ONE.test 2",
  "historyId" : "31dc1e54adde59be67463ec5f948c1fb",
  "time" : {
    "start" : 1564149014718,
    "stop" : 1564149023742,
    "duration" : 9024
  },
  "description" : "",
  "descriptionHtml" : "",
  "status" : "failed",
  "statusMessage" : "Input A expected to strictly equal input B:\n                + expected - actual\n                \n                - 'WebdriverIO · Next-gen WebDriver test framework for Node.js'\n                + 'WebdriverIO · Next-gen WebDriver test framework for Node 2.js'",
  "statusTrace" : "AssertionError [ERR_ASSERTION]: Input A expected to strictly equal input B:\n                + expected - actual\n                \n                - 'WebdriverIO · Next-gen WebDriver test framework for Node.js'\n                + 'WebdriverIO · Next-gen WebDriver test framework for Node 2.js'\n                    at Context.it (/home/maxim/webdriverio_new 5.0/webdriverio-test/test/specs/basic.js:8:16)",
  "flaky" : false,
  "beforeStages" : [ ],
  "testStage" : {
    "status" : "failed",
    "statusMessage" : "Input A expected to strictly equal input B:\n                + expected - actual\n                \n                - 'WebdriverIO · Next-gen WebDriver test framework for Node.js'\n                + 'WebdriverIO · Next-gen WebDriver test framework for Node 2.js'",
    "statusTrace" : "AssertionError [ERR_ASSERTION]: Input A expected to strictly equal input B:\n                + expected - actual\n                \n                - 'WebdriverIO · Next-gen WebDriver test framework for Node.js'\n                + 'WebdriverIO · Next-gen WebDriver test framework for Node 2.js'\n                    at Context.it (/home/maxim/webdriverio_new 5.0/webdriverio-test/test/specs/basic.js:8:16)",
    "steps" : [ {
      "name" : "POST /session/:sessionId/url",
      "time" : {
        "start" : 1564149014728,
        "stop" : 1564149023721,
        "duration" : 8993
      },
      "status" : "passed",
      "steps" : [ ],
      "attachments" : [ {
        "uid" : "301fc2b6c1ad1c4b",
        "name" : "Request",
        "source" : "301fc2b6c1ad1c4b.json",
        "type" : "application/json",
        "size" : 36
      } ],
      "parameters" : [ ],
      "stepsCount" : 0,
      "attachmentsCount" : 1,
      "shouldDisplayMessage" : false,
      "hasContent" : true
    }, {
      "name" : "GET /session/:sessionId/title",
      "time" : {
        "start" : 1564149023721,
        "stop" : 1564149023738,
        "duration" : 17
      },
      "status" : "passed",
      "steps" : [ ],
      "attachments" : [ {
        "uid" : "9207699475e69513",
        "name" : "Response",
        "source" : "9207699475e69513.json",
        "type" : "application/json",
        "size" : 62
      } ],
      "parameters" : [ ],
      "stepsCount" : 0,
      "attachmentsCount" : 1,
      "shouldDisplayMessage" : false,
      "hasContent" : true
    } ],
    "attachments" : [ ],
    "parameters" : [ ],
    "stepsCount" : 2,
    "attachmentsCount" : 2,
    "shouldDisplayMessage" : true,
    "hasContent" : true
  },
  "afterStages" : [ ],
  "labels" : [ {
    "name" : "framework",
    "value" : "wdio"
  }, {
    "name" : "language",
    "value" : "javascript"
  }, {
    "name" : "thread",
    "value" : "0-0"
  }, {
    "name" : "suite",
    "value" : "webdriver.io page ONE"
  }, {
    "name" : "testClass",
    "value" : "webdriver.io page ONE"
  }, {
    "name" : "testMethod",
    "value" : "test 2"
  }, {
    "name" : "package",
    "value" : "webdriver.io page ONE"
  }, {
    "name" : "resultFormat",
    "value" : "allure1"
  } ],
  "parameters" : [ {
    "name" : "browser",
    "value" : "chrome"
  } ],
  "links" : [ ],
  "hidden" : true,
  "retry" : true,
  "extra" : {
    "categories" : [ ],
    "tags" : [ ]
  },
  "source" : "a60414fa92fe6ccc.json",
  "parameterValues" : [ "chrome" ]
}